<?xml version="1.0" encoding="UTF-8"?>
<!-- Generated by org.testng.reporters.JUnitXMLReporter -->
<testsuite hostname="sys" name="On Chrome" tests="4" failures="0" timestamp="18 Aug 2015 13:15:53 GMT" time="32.661" errors="0">
  <testcase name="loginTest" time="23.44" classname="com.orangehrm.testsuite.Login"/>
  <testcase name="addEmployeeTest" time="0.25" classname="com.orangehrm.testsuite.AddEmployee">
    <skipped/>
  </testcase> <!-- addEmployeeTest -->
  <testcase name="takingScrrenshot" time="0.278" classname="com.orangehrm.testsuite.TakeScreenshot">
    <skipped/>
  </testcase> <!-- takingScrrenshot -->
  <testcase name="logoutTest" time="8.607" classname="com.orangehrm.testsuite.Logout"/>
</testsuite> <!-- On Chrome -->
