<?xml version="1.0" encoding="UTF-8"?>
<!-- Generated by org.testng.reporters.JUnitXMLReporter -->
<testsuite hostname="sys" name="On Firefox" tests="4" failures="0" timestamp="18 Aug 2015 13:16:02 GMT" time="41.888" errors="0">
  <testcase name="loginTest" time="40.512" classname="com.orangehrm.testsuite.Login"/>
  <testcase name="addEmployeeTest" time="0.153" classname="com.orangehrm.testsuite.AddEmployee">
    <skipped/>
  </testcase> <!-- addEmployeeTest -->
  <testcase name="takingScrrenshot" time="0.154" classname="com.orangehrm.testsuite.TakeScreenshot">
    <skipped/>
  </testcase> <!-- takingScrrenshot -->
  <testcase name="logoutTest" time="1.021" classname="com.orangehrm.testsuite.Logout"/>
</testsuite> <!-- On Firefox -->
